<?xml version="1.0" encoding="UTF-8"?>
<testng-results ignored="0" total="1" passed="1" failed="0" skipped="0">
  <reporter-output>
  </reporter-output>
  <suite started-at="2026-02-24T18:49:52 IST" name="Surefire suite" finished-at="2026-02-24T18:50:15 IST" duration-ms="22922">
    <groups>
    </groups>
    <test started-at="2026-02-24T18:49:52 IST" name="Surefire test" finished-at="2026-02-24T18:50:15 IST" duration-ms="22922">
      <class name="com.seleniumGrid.AmazonTest">
        <test-method signature="setup(java.lang.String)[pri:0, instance:com.seleniumGrid.AmazonTest@43ee72e6]" started-at="2026-02-24T18:49:52 IST" name="setup" finished-at="2026-02-24T18:50:15 IST" duration-ms="22885" status="PASS">
          <params>
            <param index="0">
              <value>
                <![CDATA[chrome]]>
              </value>
            </param>
          </params>
          <reporter-output>
          </reporter-output>
        </test-method> <!-- setup -->
      </class> <!-- com.seleniumGrid.AmazonTest -->
    </test> <!-- Surefire test -->
  </suite> <!-- Surefire suite -->
</testng-results>
