<?xml version="1.0" encoding="UTF-8"?>
<testsuite xmlns:xsi="http://www.w3.org/2001/XMLSchema-instance" xsi:noNamespaceSchemaLocation="https://maven.apache.org/surefire/maven-surefire-plugin/xsd/surefire-test-report.xsd" version="3.0.2" name="com.seleniumGrid.AmazonTest" time="23.276" tests="1" errors="0" skipped="0" failures="0" flakes="0">
  <properties>
[...]
</properties>
  <testcase name="setup[chrome](1)" classname="com.seleniumGrid.AmazonTest" time="22.889">
    <system-out><![CDATA[Remote Driver Connectivity is Started!
Chrome Browser Launched
Remote Driver Connectivity is Completed!
Title is :Online Shopping site in India: Shop Online for Mobiles, Books, Watches, Shoes and More - Amazon.in
Title: Amazon.in : iphone
]]></system-out>
    <system-err><![CDATA[SLF4J(W): No SLF4J providers were found.
SLF4J(W): Defaulting to no-operation (NOP) logger implementation
SLF4J(W): See https://www.slf4j.org/codes.html#noProviders for further details.
Feb 24, 2026 6:49:52 PM org.openqa.selenium.remote.tracing.opentelemetry.OpenTelemetryTracer createTracer
INFO: Using OpenTelemetry for tracing
]]></system-err>
  </testcase>
</testsuite>