<?xml version="1.0" encoding="UTF-8"?>
<testng-results ignored="0" total="3" passed="3" failed="0" skipped="0">
  <reporter-output>
  </reporter-output>
  <suite started-at="2026-02-24T18:18:28 IST" name="Suite" finished-at="2026-02-24T18:19:26 IST" duration-ms="58345">
    <groups>
    </groups>
    <test started-at="2026-02-24T18:18:28 IST" name="FirefoxTest" finished-at="2026-02-24T18:19:20 IST" duration-ms="51745">
      <class name="com.seleniumGrid.AmazonTest">
        <test-method signature="setup(java.lang.String)[pri:0, instance:com.seleniumGrid.AmazonTest@3c41ed1d]" started-at="2026-02-24T18:18:28 IST" name="setup" finished-at="2026-02-24T18:19:20 IST" duration-ms="51686" status="PASS">
          <params>
            <param index="0">
              <value>
                <![CDATA[firefox]]>
              </value>
            </param>
          </params>
          <reporter-output>
          </reporter-output>
        </test-method> <!-- setup -->
      </class> <!-- com.seleniumGrid.AmazonTest -->
    </test> <!-- FirefoxTest -->
    <test started-at="2026-02-24T18:18:28 IST" name="ChromeTest" finished-at="2026-02-24T18:19:25 IST" duration-ms="57081">
      <class name="com.seleniumGrid.AmazonTest">
        <test-method signature="setup(java.lang.String)[pri:0, instance:com.seleniumGrid.AmazonTest@1bd4fdd]" started-at="2026-02-24T18:18:28 IST" name="setup" finished-at="2026-02-24T18:19:25 IST" duration-ms="57030" status="PASS">
          <params>
            <param index="0">
              <value>
                <![CDATA[chrome]]>
              </value>
            </param>
          </params>
          <reporter-output>
          </reporter-output>
        </test-method> <!-- setup -->
      </class> <!-- com.seleniumGrid.AmazonTest -->
    </test> <!-- ChromeTest -->
    <test started-at="2026-02-24T18:18:28 IST" name="EdgeTest" finished-at="2026-02-24T18:19:26 IST" duration-ms="58345">
      <class name="com.seleniumGrid.AmazonTest">
        <test-method signature="setup(java.lang.String)[pri:0, instance:com.seleniumGrid.AmazonTest@38425407]" started-at="2026-02-24T18:18:28 IST" name="setup" finished-at="2026-02-24T18:19:26 IST" duration-ms="58294" status="PASS">
          <params>
            <param index="0">
              <value>
                <![CDATA[edge]]>
              </value>
            </param>
          </params>
          <reporter-output>
          </reporter-output>
        </test-method> <!-- setup -->
      </class> <!-- com.seleniumGrid.AmazonTest -->
    </test> <!-- EdgeTest -->
  </suite> <!-- Suite -->
</testng-results>
