<?xml version="1.0" encoding="UTF-8"?>
<!-- Generated by org.testng.reporters.JUnitReportReporter -->
<testsuite hostname="KAILASHINIASHOK" failures="0" tests="3" name="com.seleniumGrid.AmazonTest" time="167.010" errors="0" timestamp="2026-02-24T18:19:26 IST" skipped="0">
  <testcase classname="com.seleniumGrid.AmazonTest" name="setup" time="58.294"/>
  <testcase classname="com.seleniumGrid.AmazonTest" name="setup" time="57.030"/>
  <testcase classname="com.seleniumGrid.AmazonTest" name="setup" time="51.686"/>
</testsuite> <!-- com.seleniumGrid.AmazonTest -->
